Intel Tdx Started with (GPAW: 39, Cpus: 1)
Dump TdHobList
  [1] Type: 1, Length: 56
  EFI_HOB_HANDOFF_INFO_TABLE
    Version: 9
    BootMode: 0
    EfiMemoryTop: 0x0
    EfiMemoryBottom: 0x0
    EfiFreeMemoryTop: 0x0
    EfiFreeMemoryBottom: 0x0
    EfiEndOfHobList: 0x809190
  [2] Type: 3, Length: 48
  EFI_HOB_MEMORY_ALLOCATION
    Owner: 
    ResourceType: 7 (EFI_RESOURCE_MEMORY_UNACCEPTED)
    ResourceAttribute: 7
    PhysicalStart: 0x0
    ResourceLength: 8388608 (0x800000)
  [3] Type: 3, Length: 48
  EFI_HOB_MEMORY_ALLOCATION
    Owner: 
    ResourceType: 0 (EFI_RESOURCE_SYSTEM_MEMORY)
    ResourceAttribute: 7
    PhysicalStart: 0x800000
    ResourceLength: 24576 (0x6000)
  [4] Type: 3, Length: 48
  EFI_HOB_MEMORY_ALLOCATION
    Owner: 
    ResourceType: 7 (EFI_RESOURCE_MEMORY_UNACCEPTED)
    ResourceAttribute: 7
    PhysicalStart: 0x806000
    ResourceLength: 20480 (0x5000)
  [5] Type: 3, Length: 48
  EFI_HOB_MEMORY_ALLOCATION
    Owner: 
    ResourceType: 0 (EFI_RESOURCE_SYSTEM_MEMORY)
    ResourceAttribute: 7
    PhysicalStart: 0x80B000
    ResourceLength: 8192 (0x2000)
  [6] Type: 3, Length: 48
  EFI_HOB_MEMORY_ALLOCATION
    Owner: 
    ResourceType: 7 (EFI_RESOURCE_MEMORY_UNACCEPTED)
    ResourceAttribute: 7
    PhysicalStart: 0x80D000
    ResourceLength: 12288 (0x3000)
  [7] Type: 3, Length: 48
  EFI_HOB_MEMORY_ALLOCATION
    Owner: 
    ResourceType: 0 (EFI_RESOURCE_SYSTEM_MEMORY)
    ResourceAttribute: 7
    PhysicalStart: 0x810000
    ResourceLength: 65536 (0x10000)
  [8] Type: 3, Length: 48
  EFI_HOB_MEMORY_ALLOCATION
    Owner: 
    ResourceType: 7 (EFI_RESOURCE_MEMORY_UNACCEPTED)
    ResourceAttribute: 7
    PhysicalStart: 0x820000
    ResourceLength: 1065222144 (0x3F7E0000)

ResourceType: 0x7
ResourceAttribute: 0x7
PhysicalStart: 0x0
ResourceLength: 0x800000
Owner: 00000000-0000-0000-0000-000000000000

TdAccept: 0x0 - 0x800000
   Part1: 0x0 - 0x0
   Part2: 0x0 - 0x800000
   Part3: 0x0 - 0x0
   Page : 0x200000

ResourceType: 0x0

ResourceType: 0x7
ResourceAttribute: 0x7
PhysicalStart: 0x806000
ResourceLength: 0x5000
Owner: 00000000-0000-0000-0000-000000000000

TdAccept: 0x806000 - 0x5000
   Part1: 0x806000 - 0x5000
   Part2: 0x0 - 0x0
   Part3: 0x0 - 0x0
   Page : 0x200000

ResourceType: 0x0

ResourceType: 0x7
ResourceAttribute: 0x7
PhysicalStart: 0x80D000
ResourceLength: 0x3000
Owner: 00000000-0000-0000-0000-000000000000

TdAccept: 0x80D000 - 0x3000
   Part1: 0x80D000 - 0x3000
   Part2: 0x0 - 0x0
   Part3: 0x0 - 0x0
   Page : 0x200000

ResourceType: 0x0

ResourceType: 0x7
ResourceAttribute: 0x7
PhysicalStart: 0x820000
ResourceLength: 0x3F7E0000
Owner: 00000000-0000-0000-0000-000000000000

TdAccept: 0x820000 - 0x3F7E0000
   Part1: 0x820000 - 0x1E0000
   Part2: 0xA00000 - 0x3F600000
   Part3: 0x0 - 0x0
   Page : 0x200000
RegisterHashInterfaceLib
	Hash is registered. guid = EFA96432-DE33-4DD2-AEE6-328C33DF777A
	hash init: 0xFFFCE2EE, update: 0xFFFCDC4A, final: 0xFFFCD97E
SecCoreStartupWithStack(0xFFFCC000, 0x820000)
Tdx started with(Hob: 0x809000, Gpaw: 0x27, Cpus: 1)
LowMemory Start and End: 820000, 40000000
HobList: 820000
Creating TdTcg2PcrEvent PCR[1]/RTMR[0] EventType 0x8000000B
HashAndExtend
	MR = 0, DataPtr = 809000, DataLen = 0x188
ASSERT [SecMain] /home/ubuntu/tdvfuzz/tdvf/SecurityPkg/Library/HashLibTdx/HashLibTdx.c(46): ((BOOLEAN)(0==1))
